<?xml version="1.0" encoding="UTF-8"?>
<!-- Generated by org.testng.reporters.JUnitXMLReporter -->
<testsuite ignored="0" hostname="DESKTOP-H6QMAPK" failures="0" tests="3" name="Default test" time="0.073" errors="0" timestamp="2026-09-21T18:12:05 IST">
  <testcase classname="testng.DependencyDemo" name="loginTest" time="0.012"/>
  <testcase classname="testng.DependencyDemo" name="searchTest" time="0.001"/>
  <testcase classname="testng.DependencyDemo" name="logoutTest" time="0.003"/>
</testsuite> <!-- Default test -->
