<?xml version="1.0" encoding="UTF-8"?>
<testng-results ignored="0" total="2" passed="2" failed="0" skipped="0">
  <reporter-output>
  </reporter-output>
  <suite started-at="2026-09-22T17:41:42 IST" name="Suite" finished-at="2026-09-22T17:41:45 IST" duration-ms="3093">
    <groups>
    </groups>
    <test started-at="2026-09-22T17:41:42 IST" name="Test" finished-at="2026-09-22T17:41:45 IST" duration-ms="3093">
      <class name="testng.Parallel2">
        <test-method signature="b()[pri:0, instance:testng.Parallel2@443118b0]" started-at="2026-09-22T17:41:42 IST" name="b" finished-at="2026-09-22T17:41:45 IST" duration-ms="3021" status="PASS">
          <reporter-output>
          </reporter-output>
        </test-method> <!-- b -->
      </class> <!-- testng.Parallel2 -->
      <class name="testng.Parallel1">
        <test-method signature="a()[pri:0, instance:testng.Parallel1@78691363]" started-at="2026-09-22T17:41:42 IST" name="a" finished-at="2026-09-22T17:41:45 IST" duration-ms="3021" status="PASS">
          <reporter-output>
          </reporter-output>
        </test-method> <!-- a -->
      </class> <!-- testng.Parallel1 -->
    </test> <!-- Test -->
  </suite> <!-- Suite -->
</testng-results>
