<?xml version="1.0" encoding="UTF-8"?>
<testng-results ignored="2" total="4" passed="2" failed="0" skipped="0">
  <reporter-output>
  </reporter-output>
  <suite started-at="2026-09-21T18:22:40 IST" name="Group Suite" finished-at="2026-09-21T18:22:40 IST" duration-ms="77">
    <groups>
      <group name="smoke">
        <method signature="GroupsDemo.loginTest()[pri:0, instance:testng.GroupsDemo@765d7657]" name="loginTest" class="testng.GroupsDemo"/>
        <method signature="GroupsDemo.searchTest()[pri:0, instance:testng.GroupsDemo@765d7657]" name="searchTest" class="testng.GroupsDemo"/>
      </group> <!-- smoke -->
    </groups>
    <test started-at="2026-09-21T18:22:40 IST" name="Smoke Test" finished-at="2026-09-21T18:22:40 IST" duration-ms="77">
      <class name="testng.GroupsDemo">
        <test-method signature="loginTest()[pri:0, instance:testng.GroupsDemo@765d7657]" started-at="2026-09-21T18:22:40 IST" name="loginTest" finished-at="2026-09-21T18:22:40 IST" duration-ms="12" status="PASS">
          <reporter-output>
          </reporter-output>
        </test-method> <!-- loginTest -->
        <test-method signature="searchTest()[pri:0, instance:testng.GroupsDemo@765d7657]" started-at="2026-09-21T18:22:40 IST" name="searchTest" finished-at="2026-09-21T18:22:40 IST" duration-ms="2" status="PASS">
          <reporter-output>
          </reporter-output>
        </test-method> <!-- searchTest -->
      </class> <!-- testng.GroupsDemo -->
    </test> <!-- Smoke Test -->
  </suite> <!-- Group Suite -->
</testng-results>
