<?xml version="1.0" encoding="UTF-8"?>
<!-- Generated by org.testng.reporters.JUnitXMLReporter -->
<testsuite ignored="2" hostname="DESKTOP-H6QMAPK" failures="0" tests="2" name="Smoke Test" time="0.077" errors="0" timestamp="2026-09-21T18:22:40 IST">
  <testcase classname="testng.GroupsDemo" name="loginTest" time="0.012"/>
  <testcase classname="testng.GroupsDemo" name="searchTest" time="0.002"/>
  <testcase classname="testng.GroupsDemo" name="logoutTest" time="0.0">
    <ignored/>
  </testcase> <!-- logoutTest -->
  <testcase classname="testng.GroupsDemo" name="paymentTest" time="0.0">
    <ignored/>
  </testcase> <!-- paymentTest -->
</testsuite> <!-- Smoke Test -->
