<?xml version="1.0" encoding="UTF-8"?>
<!-- Generated by org.testng.reporters.JUnitReportReporter -->
<testsuite hostname="DESKTOP-H6QMAPK" failures="0" tests="3" name="testng.DaraProviderDemo" time="0.011" errors="0" timestamp="2026-09-22T15:25:21 IST" skipped="0">
  <testcase classname="testng.DaraProviderDemo" name="loginTest" time="0.003"/>
  <testcase classname="testng.DaraProviderDemo" name="loginTest" time="0.003"/>
  <testcase classname="testng.DaraProviderDemo" name="loginTest" time="0.005"/>
</testsuite> <!-- testng.DaraProviderDemo -->
