<?xml version="1.0" encoding="UTF-8"?>
<!-- Generated by org.testng.reporters.JUnitReportReporter -->
<testsuite hostname="DESKTOP-H6QMAPK" failures="0" tests="3" name="testng.EnabledDemo" time="0.017" errors="0" timestamp="2026-09-21T18:07:22 IST" skipped="0">
  <testcase classname="testng.EnabledDemo" name="logoutTest" time="0.003"/>
  <testcase classname="testng.EnabledDemo" name="paymentTest" time="0.002"/>
  <testcase classname="testng.EnabledDemo" name="loginTest" time="0.012"/>
</testsuite> <!-- testng.EnabledDemo -->
