<?xml version="1.0" encoding="UTF-8"?>
<!-- Generated by org.testng.reporters.JUnitReportReporter -->
<testsuite hostname="DESKTOP-H6QMAPK" failures="0" tests="4" name="testng.InvocationDemo" time="0.023" errors="0" timestamp="2026-09-22T13:04:50 IST" skipped="0">
  <testcase classname="testng.InvocationDemo" name="loginTest" time="0.002"/>
  <testcase classname="testng.InvocationDemo" name="loginTest" time="0.002"/>
  <testcase classname="testng.InvocationDemo" name="loginTest" time="0.015"/>
  <testcase classname="testng.InvocationDemo" name="logoutTest" time="0.004"/>
</testsuite> <!-- testng.InvocationDemo -->
