<?xml version="1.0" encoding="UTF-8"?>
<!-- Generated by org.testng.reporters.JUnitReportReporter -->
<testsuite hostname="DESKTOP-H6QMAPK" failures="0" tests="3" name="testng.AssertionsDemo" time="0.027" errors="0" timestamp="2026-09-22T15:25:21 IST" skipped="0">
  <testcase classname="testng.AssertionsDemo" name="verifyLogout" time="0.004"/>
  <testcase classname="testng.AssertionsDemo" name="verifyText" time="0.004"/>
  <testcase classname="testng.AssertionsDemo" name="verifyLogin" time="0.019"/>
</testsuite> <!-- testng.AssertionsDemo -->
