<?xml version="1.0" encoding="UTF-8"?>
<!-- Generated by org.testng.reporters.JUnitReportReporter -->
<testsuite hostname="DESKTOP-H6QMAPK" failures="0" tests="3" name="testng.PriorityDemo" time="0.019" errors="0" timestamp="2026-09-21T18:05:16 IST" skipped="0">
  <testcase classname="testng.PriorityDemo" name="loginTest" time="0.014"/>
  <testcase classname="testng.PriorityDemo" name="logoutTest" time="0.003"/>
  <testcase classname="testng.PriorityDemo" name="searchTest" time="0.002"/>
</testsuite> <!-- testng.PriorityDemo -->
