<?xml version="1.0" encoding="UTF-8"?>
<!-- Generated by org.testng.reporters.JUnitReportReporter -->
<testsuite hostname="DESKTOP-H6QMAPK" failures="0" tests="3" name="testng.DependencyDemo" time="0.017" errors="0" timestamp="2026-09-22T15:25:21 IST" skipped="0">
  <testcase classname="testng.DependencyDemo" name="searchTest" time="0.006"/>
  <testcase classname="testng.DependencyDemo" name="loginTest" time="0.005"/>
  <testcase classname="testng.DependencyDemo" name="logoutTest" time="0.006"/>
</testsuite> <!-- testng.DependencyDemo -->
